
[2021-01-29T17:25:02,746][INFO ][o.e.n.Node               ] [] version[7.10.2], pid[20772], build[unknown/unknown/unknown/unknown], OS[Mac OS X/10.13.4/x86_64], JVM[Oracle Corporation/Java HotSpot(TM) 64-Bit Server VM/11.0.6/11.0.6+8-LTS]
[2021-01-29T17:25:02,753][INFO ][o.e.n.Node               ] [] JVM home [/Library/Java/JavaVirtualMachines/jdk-11.0.6.jdk/Contents/Home]
[2021-01-29T17:25:02,762][INFO ][o.e.n.Node               ] [] JVM arguments [-agentlib:jdwp=transport=dt_socket,address=127.0.0.1:63917,suspend=y,server=n, -Des.path.home=/Users/a123/workspace/opensource/elasticsearch/distribution/src/main/resources, -Des.path.conf=/Users/a123/workspace/opensource/elasticsearch/distribution/src/config, -Dlog4j2.disable.jmx=true, -Xms2g, -Xmx2g, -javaagent:/Users/a123/Library/Caches/IdeaIC2019.2/groovyHotSwap/gragent.jar, -javaagent:/Users/a123/Library/Caches/IdeaIC2019.2/captureAgent/debugger-agent.jar, -Dfile.encoding=UTF-8]
[2021-01-29T17:25:03,818][ERROR][o.e.b.Bootstrap          ] [] Exception
java.security.AccessControlException: access denied ("java.lang.RuntimePermission" "setContextClassLoader")
	at java.security.AccessControlContext.checkPermission(AccessControlContext.java:472) ~[?:?]
	at java.security.AccessController.checkPermission(AccessController.java:897) ~[?:?]
	at java.lang.SecurityManager.checkPermission(SecurityManager.java:322) ~[?:?]
	at java.lang.Thread.setContextClassLoader(Thread.java:1522) ~[?:?]
	at org.elasticsearch.plugins.PluginsService.lambda$loadBundle$7(PluginsService.java:663) ~[main/:?]
	at java.security.AccessController.doPrivileged(Native Method) ~[?:?]
	at org.elasticsearch.plugins.PluginsService.loadBundle(PluginsService.java:662) ~[main/:?]
	at org.elasticsearch.plugins.PluginsService.loadBundles(PluginsService.java:479) ~[main/:?]
	at org.elasticsearch.plugins.PluginsService.<init>(PluginsService.java:168) ~[main/:?]
	at org.elasticsearch.node.Node.<init>(Node.java:346) ~[main/:?]
	at org.elasticsearch.node.Node.<init>(Node.java:289) ~[main/:?]
	at org.elasticsearch.bootstrap.Bootstrap$5.<init>(Bootstrap.java:227) ~[main/:?]
	at org.elasticsearch.bootstrap.Bootstrap.setup(Bootstrap.java:227) ~[main/:?]
	at org.elasticsearch.bootstrap.Bootstrap.init(Bootstrap.java:393) [main/:?]
	at org.elasticsearch.bootstrap.Elasticsearch.init(Elasticsearch.java:170) [main/:?]
	at org.elasticsearch.bootstrap.Elasticsearch.execute(Elasticsearch.java:161) [main/:?]
	at org.elasticsearch.cli.EnvironmentAwareCommand.execute(EnvironmentAwareCommand.java:86) [main/:?]
	at org.elasticsearch.cli.Command.mainWithoutErrorHandling(Command.java:127) [main/:?]
	at org.elasticsearch.cli.Command.main(Command.java:90) [main/:?]
	at org.elasticsearch.bootstrap.Elasticsearch.main(Elasticsearch.java:126) [main/:?]
	at org.elasticsearch.bootstrap.Elasticsearch.main(Elasticsearch.java:92) [main/:?]
[2021-01-29T17:25:03,825][ERROR][o.e.b.ElasticsearchUncaughtExceptionHandler] [] uncaught exception in thread [main]
org.elasticsearch.bootstrap.StartupException: java.security.AccessControlException: access denied ("java.lang.RuntimePermission" "setContextClassLoader")
	at org.elasticsearch.bootstrap.Elasticsearch.init(Elasticsearch.java:174) ~[main/:?]
	at org.elasticsearch.bootstrap.Elasticsearch.execute(Elasticsearch.java:161) ~[main/:?]
	at org.elasticsearch.cli.EnvironmentAwareCommand.execute(EnvironmentAwareCommand.java:86) ~[main/:?]
	at org.elasticsearch.cli.Command.mainWithoutErrorHandling(Command.java:127) ~[main/:?]
	at org.elasticsearch.cli.Command.main(Command.java:90) ~[main/:?]
	at org.elasticsearch.bootstrap.Elasticsearch.main(Elasticsearch.java:126) ~[main/:?]
	at org.elasticsearch.bootstrap.Elasticsearch.main(Elasticsearch.java:92) ~[main/:?]
Caused by: java.security.AccessControlException: access denied ("java.lang.RuntimePermission" "setContextClassLoader")
	at java.security.AccessControlContext.checkPermission(AccessControlContext.java:472) ~[?:?]
	at java.security.AccessController.checkPermission(AccessController.java:897) ~[?:?]
	at java.lang.SecurityManager.checkPermission(SecurityManager.java:322) ~[?:?]
	at java.lang.Thread.setContextClassLoader(Thread.java:1522) [?:?]
	at org.elasticsearch.plugins.PluginsService.lambda$loadBundle$7(PluginsService.java:663) ~[main/:?]
	at java.security.AccessController.doPrivileged(Native Method) ~[?:?]
	at org.elasticsearch.plugins.PluginsService.loadBundle(PluginsService.java:662) ~[main/:?]
	at org.elasticsearch.plugins.PluginsService.loadBundles(PluginsService.java:479) ~[main/:?]
	at org.elasticsearch.plugins.PluginsService.<init>(PluginsService.java:168) ~[main/:?]
	at org.elasticsearch.node.Node.<init>(Node.java:346) ~[main/:?]
	at org.elasticsearch.node.Node.<init>(Node.java:289) ~[main/:?]
	at org.elasticsearch.bootstrap.Bootstrap$5.<init>(Bootstrap.java:227) ~[main/:?]
	at org.elasticsearch.bootstrap.Bootstrap.setup(Bootstrap.java:227) ~[main/:?]
	at org.elasticsearch.bootstrap.Bootstrap.init(Bootstrap.java:393) ~[main/:?]
	at org.elasticsearch.bootstrap.Elasticsearch.init(Elasticsearch.java:170) ~[main/:?]
	... 6 more
[2021-01-29T17:25:50,472][INFO ][o.e.n.Node               ] [] version[7.10.2], pid[20811], build[unknown/unknown/unknown/unknown], OS[Mac OS X/10.13.4/x86_64], JVM[Oracle Corporation/Java HotSpot(TM) 64-Bit Server VM/11.0.6/11.0.6+8-LTS]
[2021-01-29T17:25:50,478][INFO ][o.e.n.Node               ] [] JVM home [/Library/Java/JavaVirtualMachines/jdk-11.0.6.jdk/Contents/Home]
[2021-01-29T17:25:50,485][INFO ][o.e.n.Node               ] [] JVM arguments [-agentlib:jdwp=transport=dt_socket,address=127.0.0.1:63949,suspend=y,server=n, -Des.path.home=/Users/a123/workspace/opensource/elasticsearch/distribution/src/main/resources, -Des.path.conf=/Users/a123/workspace/opensource/elasticsearch/distribution/src/config, -Dlog4j2.disable.jmx=true, -Xms2g, -Xmx2g, -javaagent:/Users/a123/Library/Caches/IdeaIC2019.2/groovyHotSwap/gragent.jar, -javaagent:/Users/a123/Library/Caches/IdeaIC2019.2/captureAgent/debugger-agent.jar, -Dfile.encoding=UTF-8]
[2021-01-29T17:25:51,539][ERROR][o.e.b.Bootstrap          ] [] Exception
java.security.AccessControlException: access denied ("java.lang.RuntimePermission" "setContextClassLoader")
	at java.security.AccessControlContext.checkPermission(AccessControlContext.java:472) ~[?:?]
	at java.security.AccessController.checkPermission(AccessController.java:897) ~[?:?]
	at java.lang.SecurityManager.checkPermission(SecurityManager.java:322) ~[?:?]
	at java.lang.Thread.setContextClassLoader(Thread.java:1522) ~[?:?]
	at org.elasticsearch.plugins.PluginsService.lambda$loadBundle$7(PluginsService.java:663) ~[main/:?]
	at java.security.AccessController.doPrivileged(Native Method) ~[?:?]
	at org.elasticsearch.plugins.PluginsService.loadBundle(PluginsService.java:662) ~[main/:?]
	at org.elasticsearch.plugins.PluginsService.loadBundles(PluginsService.java:479) ~[main/:?]
	at org.elasticsearch.plugins.PluginsService.<init>(PluginsService.java:168) ~[main/:?]
	at org.elasticsearch.node.Node.<init>(Node.java:346) ~[main/:?]
	at org.elasticsearch.node.Node.<init>(Node.java:289) ~[main/:?]
	at org.elasticsearch.bootstrap.Bootstrap$5.<init>(Bootstrap.java:227) ~[main/:?]
	at org.elasticsearch.bootstrap.Bootstrap.setup(Bootstrap.java:227) ~[main/:?]
	at org.elasticsearch.bootstrap.Bootstrap.init(Bootstrap.java:393) [main/:?]
	at org.elasticsearch.bootstrap.Elasticsearch.init(Elasticsearch.java:170) [main/:?]
	at org.elasticsearch.bootstrap.Elasticsearch.execute(Elasticsearch.java:161) [main/:?]
	at org.elasticsearch.cli.EnvironmentAwareCommand.execute(EnvironmentAwareCommand.java:86) [main/:?]
	at org.elasticsearch.cli.Command.mainWithoutErrorHandling(Command.java:127) [main/:?]
	at org.elasticsearch.cli.Command.main(Command.java:90) [main/:?]
	at org.elasticsearch.bootstrap.Elasticsearch.main(Elasticsearch.java:126) [main/:?]
	at org.elasticsearch.bootstrap.Elasticsearch.main(Elasticsearch.java:92) [main/:?]
[2021-01-29T17:25:51,547][ERROR][o.e.b.ElasticsearchUncaughtExceptionHandler] [] uncaught exception in thread [main]
org.elasticsearch.bootstrap.StartupException: java.security.AccessControlException: access denied ("java.lang.RuntimePermission" "setContextClassLoader")
	at org.elasticsearch.bootstrap.Elasticsearch.init(Elasticsearch.java:174) ~[main/:?]
	at org.elasticsearch.bootstrap.Elasticsearch.execute(Elasticsearch.java:161) ~[main/:?]
	at org.elasticsearch.cli.EnvironmentAwareCommand.execute(EnvironmentAwareCommand.java:86) ~[main/:?]
	at org.elasticsearch.cli.Command.mainWithoutErrorHandling(Command.java:127) ~[main/:?]
	at org.elasticsearch.cli.Command.main(Command.java:90) ~[main/:?]
	at org.elasticsearch.bootstrap.Elasticsearch.main(Elasticsearch.java:126) ~[main/:?]
	at org.elasticsearch.bootstrap.Elasticsearch.main(Elasticsearch.java:92) ~[main/:?]
Caused by: java.security.AccessControlException: access denied ("java.lang.RuntimePermission" "setContextClassLoader")
	at java.security.AccessControlContext.checkPermission(AccessControlContext.java:472) ~[?:?]
	at java.security.AccessController.checkPermission(AccessController.java:897) ~[?:?]
	at java.lang.SecurityManager.checkPermission(SecurityManager.java:322) ~[?:?]
	at java.lang.Thread.setContextClassLoader(Thread.java:1522) [?:?]
	at org.elasticsearch.plugins.PluginsService.lambda$loadBundle$7(PluginsService.java:663) ~[main/:?]
	at java.security.AccessController.doPrivileged(Native Method) ~[?:?]
	at org.elasticsearch.plugins.PluginsService.loadBundle(PluginsService.java:662) ~[main/:?]
	at org.elasticsearch.plugins.PluginsService.loadBundles(PluginsService.java:479) ~[main/:?]
	at org.elasticsearch.plugins.PluginsService.<init>(PluginsService.java:168) ~[main/:?]
	at org.elasticsearch.node.Node.<init>(Node.java:346) ~[main/:?]
	at org.elasticsearch.node.Node.<init>(Node.java:289) ~[main/:?]
	at org.elasticsearch.bootstrap.Bootstrap$5.<init>(Bootstrap.java:227) ~[main/:?]
	at org.elasticsearch.bootstrap.Bootstrap.setup(Bootstrap.java:227) ~[main/:?]
	at org.elasticsearch.bootstrap.Bootstrap.init(Bootstrap.java:393) ~[main/:?]
	at org.elasticsearch.bootstrap.Elasticsearch.init(Elasticsearch.java:170) ~[main/:?]
	... 6 more
[2021-01-29T17:28:38,097][INFO ][o.e.n.Node               ] [] version[7.10.2], pid[20830], build[unknown/unknown/unknown/unknown], OS[Mac OS X/10.13.4/x86_64], JVM[Oracle Corporation/Java HotSpot(TM) 64-Bit Server VM/11.0.6/11.0.6+8-LTS]
[2021-01-29T17:28:38,103][INFO ][o.e.n.Node               ] [] JVM home [/Library/Java/JavaVirtualMachines/jdk-11.0.6.jdk/Contents/Home]
[2021-01-29T17:28:38,112][INFO ][o.e.n.Node               ] [] JVM arguments [-agentlib:jdwp=transport=dt_socket,address=127.0.0.1:64163,suspend=y,server=n, -Des.path.home=/Users/a123/workspace/opensource/elasticsearch/distribution/src/main/resources, -Des.path.conf=/Users/a123/workspace/opensource/elasticsearch/distribution/src/config, -Dlog4j2.disable.jmx=true, -Xms2g, -Xmx2g, -Des.insecure.allow.root=true, -javaagent:/Users/a123/Library/Caches/IdeaIC2019.2/groovyHotSwap/gragent.jar, -javaagent:/Users/a123/Library/Caches/IdeaIC2019.2/captureAgent/debugger-agent.jar, -Dfile.encoding=UTF-8]
[2021-01-29T17:28:39,131][ERROR][o.e.b.Bootstrap          ] [] Exception
java.security.AccessControlException: access denied ("java.lang.RuntimePermission" "setContextClassLoader")
	at java.security.AccessControlContext.checkPermission(AccessControlContext.java:472) ~[?:?]
	at java.security.AccessController.checkPermission(AccessController.java:897) ~[?:?]
	at java.lang.SecurityManager.checkPermission(SecurityManager.java:322) ~[?:?]
	at java.lang.Thread.setContextClassLoader(Thread.java:1522) ~[?:?]
	at org.elasticsearch.plugins.PluginsService.lambda$loadBundle$7(PluginsService.java:663) ~[main/:?]
	at java.security.AccessController.doPrivileged(Native Method) ~[?:?]
	at org.elasticsearch.plugins.PluginsService.loadBundle(PluginsService.java:662) ~[main/:?]
	at org.elasticsearch.plugins.PluginsService.loadBundles(PluginsService.java:479) ~[main/:?]
	at org.elasticsearch.plugins.PluginsService.<init>(PluginsService.java:168) ~[main/:?]
	at org.elasticsearch.node.Node.<init>(Node.java:346) ~[main/:?]
	at org.elasticsearch.node.Node.<init>(Node.java:289) ~[main/:?]
	at org.elasticsearch.bootstrap.Bootstrap$5.<init>(Bootstrap.java:227) ~[main/:?]
	at org.elasticsearch.bootstrap.Bootstrap.setup(Bootstrap.java:227) ~[main/:?]
	at org.elasticsearch.bootstrap.Bootstrap.init(Bootstrap.java:393) [main/:?]
	at org.elasticsearch.bootstrap.Elasticsearch.init(Elasticsearch.java:170) [main/:?]
	at org.elasticsearch.bootstrap.Elasticsearch.execute(Elasticsearch.java:161) [main/:?]
	at org.elasticsearch.cli.EnvironmentAwareCommand.execute(EnvironmentAwareCommand.java:86) [main/:?]
	at org.elasticsearch.cli.Command.mainWithoutErrorHandling(Command.java:127) [main/:?]
	at org.elasticsearch.cli.Command.main(Command.java:90) [main/:?]
	at org.elasticsearch.bootstrap.Elasticsearch.main(Elasticsearch.java:126) [main/:?]
	at org.elasticsearch.bootstrap.Elasticsearch.main(Elasticsearch.java:92) [main/:?]
[2021-01-29T17:28:39,140][ERROR][o.e.b.ElasticsearchUncaughtExceptionHandler] [] uncaught exception in thread [main]
org.elasticsearch.bootstrap.StartupException: java.security.AccessControlException: access denied ("java.lang.RuntimePermission" "setContextClassLoader")
	at org.elasticsearch.bootstrap.Elasticsearch.init(Elasticsearch.java:174) ~[main/:?]
	at org.elasticsearch.bootstrap.Elasticsearch.execute(Elasticsearch.java:161) ~[main/:?]
	at org.elasticsearch.cli.EnvironmentAwareCommand.execute(EnvironmentAwareCommand.java:86) ~[main/:?]
	at org.elasticsearch.cli.Command.mainWithoutErrorHandling(Command.java:127) ~[main/:?]
	at org.elasticsearch.cli.Command.main(Command.java:90) ~[main/:?]
	at org.elasticsearch.bootstrap.Elasticsearch.main(Elasticsearch.java:126) ~[main/:?]
	at org.elasticsearch.bootstrap.Elasticsearch.main(Elasticsearch.java:92) ~[main/:?]
Caused by: java.security.AccessControlException: access denied ("java.lang.RuntimePermission" "setContextClassLoader")
	at java.security.AccessControlContext.checkPermission(AccessControlContext.java:472) ~[?:?]
	at java.security.AccessController.checkPermission(AccessController.java:897) ~[?:?]
	at java.lang.SecurityManager.checkPermission(SecurityManager.java:322) ~[?:?]
	at java.lang.Thread.setContextClassLoader(Thread.java:1522) [?:?]
	at org.elasticsearch.plugins.PluginsService.lambda$loadBundle$7(PluginsService.java:663) ~[main/:?]
	at java.security.AccessController.doPrivileged(Native Method) ~[?:?]
	at org.elasticsearch.plugins.PluginsService.loadBundle(PluginsService.java:662) ~[main/:?]
	at org.elasticsearch.plugins.PluginsService.loadBundles(PluginsService.java:479) ~[main/:?]
	at org.elasticsearch.plugins.PluginsService.<init>(PluginsService.java:168) ~[main/:?]
	at org.elasticsearch.node.Node.<init>(Node.java:346) ~[main/:?]
	at org.elasticsearch.node.Node.<init>(Node.java:289) ~[main/:?]
	at org.elasticsearch.bootstrap.Bootstrap$5.<init>(Bootstrap.java:227) ~[main/:?]
	at org.elasticsearch.bootstrap.Bootstrap.setup(Bootstrap.java:227) ~[main/:?]
	at org.elasticsearch.bootstrap.Bootstrap.init(Bootstrap.java:393) ~[main/:?]
	at org.elasticsearch.bootstrap.Elasticsearch.init(Elasticsearch.java:170) ~[main/:?]
	... 6 more
[2021-01-29T17:29:27,264][INFO ][o.e.n.Node               ] [] version[7.10.2], pid[20837], build[unknown/unknown/unknown/unknown], OS[Mac OS X/10.13.4/x86_64], JVM[Oracle Corporation/Java HotSpot(TM) 64-Bit Server VM/11.0.6/11.0.6+8-LTS]
[2021-01-29T17:29:27,280][INFO ][o.e.n.Node               ] [] JVM home [/Library/Java/JavaVirtualMachines/jdk-11.0.6.jdk/Contents/Home]
[2021-01-29T17:29:27,295][INFO ][o.e.n.Node               ] [] JVM arguments [-agentlib:jdwp=transport=dt_socket,address=127.0.0.1:64209,suspend=y,server=n, -Des.path.home=/Users/a123/workspace/opensource/elasticsearch/distribution/src/main/resources, -Des.path.conf=/Users/a123/workspace/opensource/elasticsearch/distribution/src/config, -Dlog4j2.disable.jmx=true, -Xms2g, -Xmx2g, -Des.insecure.allow.root=true, -javaagent:/Users/a123/Library/Caches/IdeaIC2019.2/groovyHotSwap/gragent.jar, -javaagent:/Users/a123/Library/Caches/IdeaIC2019.2/captureAgent/debugger-agent.jar, -Dfile.encoding=UTF-8]
[2021-01-29T17:29:29,999][ERROR][o.e.b.Bootstrap          ] [] Exception
java.security.AccessControlException: access denied ("java.lang.RuntimePermission" "setContextClassLoader")
	at java.security.AccessControlContext.checkPermission(AccessControlContext.java:472) ~[?:?]
	at java.security.AccessController.checkPermission(AccessController.java:897) ~[?:?]
	at java.lang.SecurityManager.checkPermission(SecurityManager.java:322) ~[?:?]
	at java.lang.Thread.setContextClassLoader(Thread.java:1522) ~[?:?]
	at org.elasticsearch.plugins.PluginsService.lambda$loadBundle$7(PluginsService.java:663) ~[main/:?]
	at java.security.AccessController.doPrivileged(Native Method) ~[?:?]
	at org.elasticsearch.plugins.PluginsService.loadBundle(PluginsService.java:662) ~[main/:?]
	at org.elasticsearch.plugins.PluginsService.loadBundles(PluginsService.java:479) ~[main/:?]
	at org.elasticsearch.plugins.PluginsService.<init>(PluginsService.java:168) ~[main/:?]
	at org.elasticsearch.node.Node.<init>(Node.java:346) ~[main/:?]
	at org.elasticsearch.node.Node.<init>(Node.java:289) ~[main/:?]
	at org.elasticsearch.bootstrap.Bootstrap$5.<init>(Bootstrap.java:227) ~[main/:?]
	at org.elasticsearch.bootstrap.Bootstrap.setup(Bootstrap.java:227) ~[main/:?]
	at org.elasticsearch.bootstrap.Bootstrap.init(Bootstrap.java:393) [main/:?]
	at org.elasticsearch.bootstrap.Elasticsearch.init(Elasticsearch.java:170) [main/:?]
	at org.elasticsearch.bootstrap.Elasticsearch.execute(Elasticsearch.java:161) [main/:?]
	at org.elasticsearch.cli.EnvironmentAwareCommand.execute(EnvironmentAwareCommand.java:86) [main/:?]
	at org.elasticsearch.cli.Command.mainWithoutErrorHandling(Command.java:127) [main/:?]
	at org.elasticsearch.cli.Command.main(Command.java:90) [main/:?]
	at org.elasticsearch.bootstrap.Elasticsearch.main(Elasticsearch.java:126) [main/:?]
	at org.elasticsearch.bootstrap.Elasticsearch.main(Elasticsearch.java:92) [main/:?]
[2021-01-29T17:29:30,014][ERROR][o.e.b.ElasticsearchUncaughtExceptionHandler] [] uncaught exception in thread [main]
org.elasticsearch.bootstrap.StartupException: java.security.AccessControlException: access denied ("java.lang.RuntimePermission" "setContextClassLoader")
	at org.elasticsearch.bootstrap.Elasticsearch.init(Elasticsearch.java:174) ~[main/:?]
	at org.elasticsearch.bootstrap.Elasticsearch.execute(Elasticsearch.java:161) ~[main/:?]
	at org.elasticsearch.cli.EnvironmentAwareCommand.execute(EnvironmentAwareCommand.java:86) ~[main/:?]
	at org.elasticsearch.cli.Command.mainWithoutErrorHandling(Command.java:127) ~[main/:?]
	at org.elasticsearch.cli.Command.main(Command.java:90) ~[main/:?]
	at org.elasticsearch.bootstrap.Elasticsearch.main(Elasticsearch.java:126) ~[main/:?]
	at org.elasticsearch.bootstrap.Elasticsearch.main(Elasticsearch.java:92) ~[main/:?]
Caused by: java.security.AccessControlException: access denied ("java.lang.RuntimePermission" "setContextClassLoader")
	at java.security.AccessControlContext.checkPermission(AccessControlContext.java:472) ~[?:?]
	at java.security.AccessController.checkPermission(AccessController.java:897) ~[?:?]
	at java.lang.SecurityManager.checkPermission(SecurityManager.java:322) ~[?:?]
	at java.lang.Thread.setContextClassLoader(Thread.java:1522) [?:?]
	at org.elasticsearch.plugins.PluginsService.lambda$loadBundle$7(PluginsService.java:663) ~[main/:?]
	at java.security.AccessController.doPrivileged(Native Method) ~[?:?]
	at org.elasticsearch.plugins.PluginsService.loadBundle(PluginsService.java:662) ~[main/:?]
	at org.elasticsearch.plugins.PluginsService.loadBundles(PluginsService.java:479) ~[main/:?]
	at org.elasticsearch.plugins.PluginsService.<init>(PluginsService.java:168) ~[main/:?]
	at org.elasticsearch.node.Node.<init>(Node.java:346) ~[main/:?]
	at org.elasticsearch.node.Node.<init>(Node.java:289) ~[main/:?]
	at org.elasticsearch.bootstrap.Bootstrap$5.<init>(Bootstrap.java:227) ~[main/:?]
	at org.elasticsearch.bootstrap.Bootstrap.setup(Bootstrap.java:227) ~[main/:?]
	at org.elasticsearch.bootstrap.Bootstrap.init(Bootstrap.java:393) ~[main/:?]
	at org.elasticsearch.bootstrap.Elasticsearch.init(Elasticsearch.java:170) ~[main/:?]
	... 6 more
[2021-01-29T17:37:26,607][INFO ][o.e.n.Node               ] [] version[7.10.2], pid[20893], build[unknown/unknown/unknown/unknown], OS[Mac OS X/10.13.4/x86_64], JVM[Oracle Corporation/Java HotSpot(TM) 64-Bit Server VM/11.0.6/11.0.6+8-LTS]
[2021-01-29T17:37:26,617][INFO ][o.e.n.Node               ] [] JVM home [/Library/Java/JavaVirtualMachines/jdk-11.0.6.jdk/Contents/Home]
[2021-01-29T17:37:26,627][INFO ][o.e.n.Node               ] [] JVM arguments [-agentlib:jdwp=transport=dt_socket,address=127.0.0.1:64779,suspend=y,server=n, -Des.insecure.allow.root=true, -Des.path.home=/Users/a123/workspace/opensource/elasticsearch/distribution/src/main/resources, -Des.path.conf=/Users/a123/workspace/opensource/elasticsearch/distribution/src/config, -Dlog4j2.disable.jmx=true, -Xms2g, -Xmx2g, -javaagent:/Users/a123/Library/Caches/IdeaIC2019.2/groovyHotSwap/gragent.jar, -javaagent:/Users/a123/Library/Caches/IdeaIC2019.2/captureAgent/debugger-agent.jar, -Dfile.encoding=UTF-8]
[2021-01-29T17:37:27,865][ERROR][o.e.b.Bootstrap          ] [] Exception
java.security.AccessControlException: access denied ("java.lang.RuntimePermission" "setContextClassLoader")
	at java.security.AccessControlContext.checkPermission(AccessControlContext.java:472) ~[?:?]
	at java.security.AccessController.checkPermission(AccessController.java:897) ~[?:?]
	at java.lang.SecurityManager.checkPermission(SecurityManager.java:322) ~[?:?]
	at java.lang.Thread.setContextClassLoader(Thread.java:1522) ~[?:?]
	at org.elasticsearch.plugins.PluginsService.lambda$loadBundle$7(PluginsService.java:663) ~[classes/:?]
	at java.security.AccessController.doPrivileged(Native Method) ~[?:?]
	at org.elasticsearch.plugins.PluginsService.loadBundle(PluginsService.java:662) ~[classes/:?]
	at org.elasticsearch.plugins.PluginsService.loadBundles(PluginsService.java:479) ~[classes/:?]
	at org.elasticsearch.plugins.PluginsService.<init>(PluginsService.java:168) ~[classes/:?]
	at org.elasticsearch.node.Node.<init>(Node.java:346) ~[classes/:?]
	at org.elasticsearch.node.Node.<init>(Node.java:289) ~[classes/:?]
	at org.elasticsearch.bootstrap.Bootstrap$5.<init>(Bootstrap.java:227) ~[classes/:?]
	at org.elasticsearch.bootstrap.Bootstrap.setup(Bootstrap.java:227) ~[classes/:?]
	at org.elasticsearch.bootstrap.Bootstrap.init(Bootstrap.java:393) [classes/:?]
	at org.elasticsearch.bootstrap.Elasticsearch.init(Elasticsearch.java:170) [classes/:?]
	at org.elasticsearch.bootstrap.Elasticsearch.execute(Elasticsearch.java:161) [classes/:?]
	at org.elasticsearch.cli.EnvironmentAwareCommand.execute(EnvironmentAwareCommand.java:86) [classes/:?]
	at org.elasticsearch.cli.Command.mainWithoutErrorHandling(Command.java:127) [classes/:?]
	at org.elasticsearch.cli.Command.main(Command.java:90) [classes/:?]
	at org.elasticsearch.bootstrap.Elasticsearch.main(Elasticsearch.java:126) [classes/:?]
	at org.elasticsearch.bootstrap.Elasticsearch.main(Elasticsearch.java:92) [classes/:?]
[2021-01-29T17:37:27,877][ERROR][o.e.b.ElasticsearchUncaughtExceptionHandler] [] uncaught exception in thread [main]
org.elasticsearch.bootstrap.StartupException: java.security.AccessControlException: access denied ("java.lang.RuntimePermission" "setContextClassLoader")
	at org.elasticsearch.bootstrap.Elasticsearch.init(Elasticsearch.java:174) ~[classes/:?]
	at org.elasticsearch.bootstrap.Elasticsearch.execute(Elasticsearch.java:161) ~[classes/:?]
	at org.elasticsearch.cli.EnvironmentAwareCommand.execute(EnvironmentAwareCommand.java:86) ~[classes/:?]
	at org.elasticsearch.cli.Command.mainWithoutErrorHandling(Command.java:127) ~[classes/:?]
	at org.elasticsearch.cli.Command.main(Command.java:90) ~[classes/:?]
	at org.elasticsearch.bootstrap.Elasticsearch.main(Elasticsearch.java:126) ~[classes/:?]
	at org.elasticsearch.bootstrap.Elasticsearch.main(Elasticsearch.java:92) ~[classes/:?]
Caused by: java.security.AccessControlException: access denied ("java.lang.RuntimePermission" "setContextClassLoader")
	at java.security.AccessControlContext.checkPermission(AccessControlContext.java:472) ~[?:?]
	at java.security.AccessController.checkPermission(AccessController.java:897) ~[?:?]
	at java.lang.SecurityManager.checkPermission(SecurityManager.java:322) ~[?:?]
	at java.lang.Thread.setContextClassLoader(Thread.java:1522) [?:?]
	at org.elasticsearch.plugins.PluginsService.lambda$loadBundle$7(PluginsService.java:663) ~[classes/:?]
	at java.security.AccessController.doPrivileged(Native Method) ~[?:?]
	at org.elasticsearch.plugins.PluginsService.loadBundle(PluginsService.java:662) ~[classes/:?]
	at org.elasticsearch.plugins.PluginsService.loadBundles(PluginsService.java:479) ~[classes/:?]
	at org.elasticsearch.plugins.PluginsService.<init>(PluginsService.java:168) ~[classes/:?]
	at org.elasticsearch.node.Node.<init>(Node.java:346) ~[classes/:?]
	at org.elasticsearch.node.Node.<init>(Node.java:289) ~[classes/:?]
	at org.elasticsearch.bootstrap.Bootstrap$5.<init>(Bootstrap.java:227) ~[classes/:?]
	at org.elasticsearch.bootstrap.Bootstrap.setup(Bootstrap.java:227) ~[classes/:?]
	at org.elasticsearch.bootstrap.Bootstrap.init(Bootstrap.java:393) ~[classes/:?]
	at org.elasticsearch.bootstrap.Elasticsearch.init(Elasticsearch.java:170) ~[classes/:?]
	... 6 more
[2021-01-29T17:51:45,960][INFO ][o.e.n.Node               ] [] version[7.10.2], pid[21094], build[unknown/unknown/unknown/unknown], OS[Mac OS X/10.13.4/x86_64], JVM[Oracle Corporation/Java HotSpot(TM) 64-Bit Server VM/11.0.6/11.0.6+8-LTS]
[2021-01-29T17:51:45,965][INFO ][o.e.n.Node               ] [] JVM home [/Library/Java/JavaVirtualMachines/jdk-11.0.6.jdk/Contents/Home]
[2021-01-29T17:51:45,973][INFO ][o.e.n.Node               ] [] JVM arguments [-agentlib:jdwp=transport=dt_socket,address=127.0.0.1:49291,suspend=y,server=n, -Des.insecure.allow.root=true, -Des.path.home=/Users/a123/workspace/opensource/elasticsearch/distribution/src/main/resources, -Des.path.conf=/Users/a123/workspace/opensource/elasticsearch/distribution/src/config, -Dlog4j2.disable.jmx=true, -Xms2g, -Xmx2g, -javaagent:/Users/a123/Library/Caches/IdeaIC2019.2/groovyHotSwap/gragent.jar, -javaagent:/Users/a123/Library/Caches/IdeaIC2019.2/captureAgent/debugger-agent.jar, -Dfile.encoding=UTF-8]
[2021-01-29T17:52:04,941][INFO ][o.e.p.PluginsService     ] [] loaded module [aggs-matrix-stats]
[2021-01-29T17:52:04,943][INFO ][o.e.p.PluginsService     ] [] loaded module [analysis-common]
[2021-01-29T17:52:04,943][INFO ][o.e.p.PluginsService     ] [] loaded module [constant-keyword]
[2021-01-29T17:52:04,944][INFO ][o.e.p.PluginsService     ] [] loaded module [flattened]
[2021-01-29T17:52:04,944][INFO ][o.e.p.PluginsService     ] [] loaded module [frozen-indices]
[2021-01-29T17:52:04,944][INFO ][o.e.p.PluginsService     ] [] loaded module [ingest-common]
[2021-01-29T17:52:04,945][INFO ][o.e.p.PluginsService     ] [] loaded module [ingest-geoip]
[2021-01-29T17:52:04,945][INFO ][o.e.p.PluginsService     ] [] loaded module [ingest-user-agent]
[2021-01-29T17:52:04,945][INFO ][o.e.p.PluginsService     ] [] loaded module [kibana]
[2021-01-29T17:52:04,945][INFO ][o.e.p.PluginsService     ] [] loaded module [lang-expression]
[2021-01-29T17:52:04,946][INFO ][o.e.p.PluginsService     ] [] loaded module [lang-mustache]
[2021-01-29T17:52:04,946][INFO ][o.e.p.PluginsService     ] [] loaded module [lang-painless]
[2021-01-29T17:52:04,946][INFO ][o.e.p.PluginsService     ] [] loaded module [mapper-extras]
[2021-01-29T17:52:04,946][INFO ][o.e.p.PluginsService     ] [] loaded module [mapper-version]
[2021-01-29T17:52:04,947][INFO ][o.e.p.PluginsService     ] [] loaded module [parent-join]
[2021-01-29T17:52:04,947][INFO ][o.e.p.PluginsService     ] [] loaded module [percolator]
[2021-01-29T17:52:04,947][INFO ][o.e.p.PluginsService     ] [] loaded module [rank-eval]
[2021-01-29T17:52:04,947][INFO ][o.e.p.PluginsService     ] [] loaded module [reindex]
[2021-01-29T17:52:04,947][INFO ][o.e.p.PluginsService     ] [] loaded module [repositories-metering-api]
[2021-01-29T17:52:04,948][INFO ][o.e.p.PluginsService     ] [] loaded module [repository-url]
[2021-01-29T17:52:04,948][INFO ][o.e.p.PluginsService     ] [] loaded module [search-business-rules]
[2021-01-29T17:52:04,948][INFO ][o.e.p.PluginsService     ] [] loaded module [searchable-snapshots]
[2021-01-29T17:52:04,948][INFO ][o.e.p.PluginsService     ] [] loaded module [spatial]
[2021-01-29T17:52:04,949][INFO ][o.e.p.PluginsService     ] [] loaded module [transform]
[2021-01-29T17:52:04,949][INFO ][o.e.p.PluginsService     ] [] loaded module [transport-netty4]
[2021-01-29T17:52:04,949][INFO ][o.e.p.PluginsService     ] [] loaded module [unsigned-long]
[2021-01-29T17:52:04,949][INFO ][o.e.p.PluginsService     ] [] loaded module [vectors]
[2021-01-29T17:52:04,950][INFO ][o.e.p.PluginsService     ] [] loaded module [wildcard]
[2021-01-29T17:52:04,950][INFO ][o.e.p.PluginsService     ] [] loaded module [x-pack-analytics]
[2021-01-29T17:52:04,950][INFO ][o.e.p.PluginsService     ] [] loaded module [x-pack-async]
[2021-01-29T17:52:04,950][INFO ][o.e.p.PluginsService     ] [] loaded module [x-pack-async-search]
[2021-01-29T17:52:04,950][INFO ][o.e.p.PluginsService     ] [] loaded module [x-pack-autoscaling]
[2021-01-29T17:52:04,951][INFO ][o.e.p.PluginsService     ] [] loaded module [x-pack-ccr]
[2021-01-29T17:52:04,951][INFO ][o.e.p.PluginsService     ] [] loaded module [x-pack-core]
[2021-01-29T17:52:04,951][INFO ][o.e.p.PluginsService     ] [] loaded module [x-pack-data-streams]
[2021-01-29T17:52:04,951][INFO ][o.e.p.PluginsService     ] [] loaded module [x-pack-deprecation]
[2021-01-29T17:52:04,951][INFO ][o.e.p.PluginsService     ] [] loaded module [x-pack-enrich]
[2021-01-29T17:52:04,952][INFO ][o.e.p.PluginsService     ] [] loaded module [x-pack-eql]
[2021-01-29T17:52:04,952][INFO ][o.e.p.PluginsService     ] [] loaded module [x-pack-graph]
[2021-01-29T17:52:04,952][INFO ][o.e.p.PluginsService     ] [] loaded module [x-pack-identity-provider]
[2021-01-29T17:52:04,952][INFO ][o.e.p.PluginsService     ] [] loaded module [x-pack-ilm]
[2021-01-29T17:52:04,953][INFO ][o.e.p.PluginsService     ] [] loaded module [x-pack-logstash]
[2021-01-29T17:52:04,953][INFO ][o.e.p.PluginsService     ] [] loaded module [x-pack-ml]
[2021-01-29T17:52:04,953][INFO ][o.e.p.PluginsService     ] [] loaded module [x-pack-monitoring]
[2021-01-29T17:52:04,953][INFO ][o.e.p.PluginsService     ] [] loaded module [x-pack-ql]
[2021-01-29T17:52:04,953][INFO ][o.e.p.PluginsService     ] [] loaded module [x-pack-rollup]
[2021-01-29T17:52:04,953][INFO ][o.e.p.PluginsService     ] [] loaded module [x-pack-security]
[2021-01-29T17:52:04,954][INFO ][o.e.p.PluginsService     ] [] loaded module [x-pack-sql]
[2021-01-29T17:52:04,954][INFO ][o.e.p.PluginsService     ] [] loaded module [x-pack-stack]
[2021-01-29T17:52:04,954][INFO ][o.e.p.PluginsService     ] [] loaded module [x-pack-voting-only-node]
[2021-01-29T17:52:04,954][INFO ][o.e.p.PluginsService     ] [] loaded module [x-pack-watcher]
[2021-01-29T17:52:04,955][INFO ][o.e.p.PluginsService     ] [] no plugins loaded
[2021-01-29T17:52:05,033][INFO ][o.e.e.NodeEnvironment    ] [] using [1] data paths, mounts [[/ (/dev/disk1s1)]], net usable_space [107.9gb], net total_space [233.5gb], types [apfs]
[2021-01-29T17:52:05,034][INFO ][o.e.e.NodeEnvironment    ] [] heap size [2gb], compressed ordinary object pointers [true]
[2021-01-29T17:52:05,105][INFO ][o.e.n.Node               ] [] node name [], node ID [RIBe6m9DRGWKBs6tydk86g], cluster name [elasticsearch], roles [transform, master, remote_cluster_client, data, ml, data_content, data_hot, data_warm, data_cold, ingest]
[2021-01-29T17:52:05,387][INFO ][i.n.u.i.PlatformDependent] [] Your platform does not provide complete low-level API for accessing direct buffers reliably. Unless explicitly requested, heap buffer will always be preferred to avoid potential system instability.
[2021-01-29T17:52:56,099][INFO ][o.e.x.m.p.l.CppLogMessageHandler] [] [controller/21095] [Main.cc@114] controller (64 bit): Version 7.10.2 (Build 40a3af639d4698) Copyright (c) 2021 Elasticsearch BV
[2021-01-29T17:53:02,829][INFO ][i.n.u.i.PlatformDependent] [] Your platform does not provide complete low-level API for accessing direct buffers reliably. Unless explicitly requested, heap buffer will always be preferred to avoid potential system instability.
[2021-01-29T17:53:02,939][INFO ][o.e.t.NettyAllocator     ] [] creating NettyAllocator with the following configs: [name=elasticsearch_configured, chunk_size=256kb, suggested_max_allocation_size=256kb, factors={es.unsafe.use_netty_default_chunk_and_page_size=false, g1gc_enabled=true, g1gc_region_size=1mb}]
[2021-01-29T17:53:03,138][INFO ][o.e.d.DiscoveryModule    ] [] using discovery type [zen] and seed hosts providers [settings]
[2021-01-29T17:53:04,620][WARN ][o.e.g.DanglingIndicesState] [] gateway.auto_import_dangling_indices is disabled, dangling indices will not be automatically detected or imported and must be managed manually
[2021-01-29T17:53:05,637][INFO ][o.e.n.Node               ] [] initialized
[2021-01-29T17:53:05,639][INFO ][o.e.n.Node               ] [] starting ...
[2021-01-29T17:53:06,047][INFO ][o.e.t.TransportService   ] [] publish_address {127.0.0.1:9300}, bound_addresses {[::1]:9300}, {127.0.0.1:9300}
[2021-01-29T17:53:06,456][WARN ][o.e.b.BootstrapChecks    ] [] the default discovery settings are unsuitable for production use; at least one of [discovery.seed_hosts, discovery.seed_providers, cluster.initial_master_nodes] must be configured
[2021-01-29T17:53:06,511][INFO ][o.e.c.c.ClusterBootstrapService] [] no discovery configuration found, will perform best-effort cluster bootstrapping after [3s] unless existing master is discovered
[2021-01-29T17:53:09,515][INFO ][o.e.c.c.Coordinator      ] [] setting initial configuration to VotingConfiguration{RIBe6m9DRGWKBs6tydk86g}
[2021-01-29T17:53:09,699][INFO ][o.e.c.s.MasterService    ] [] elected-as-master ([1] nodes joined)[{RIBe6m9DRGWKBs6tydk86g}{Da3_G4NeTEWGXMi_z8C6Vg}{127.0.0.1}{127.0.0.1:9300}{cdhilmrstw}{ml.machine_memory=17179869184, xpack.installed=true, transform.node=true, ml.max_open_jobs=20} elect leader, _BECOME_MASTER_TASK_, _FINISH_ELECTION_], term: 1, version: 1, delta: master node changed {previous [], current [{RIBe6m9DRGWKBs6tydk86g}{Da3_G4NeTEWGXMi_z8C6Vg}{127.0.0.1}{127.0.0.1:9300}{cdhilmrstw}{ml.machine_memory=17179869184, xpack.installed=true, transform.node=true, ml.max_open_jobs=20}]}
[2021-01-29T17:53:09,771][INFO ][o.e.c.c.CoordinationState] [] cluster UUID set to [1iup2-DcTOawOVX4TANN-Q]
[2021-01-29T17:53:09,808][INFO ][o.e.c.s.ClusterApplierService] [] master node changed {previous [], current [{RIBe6m9DRGWKBs6tydk86g}{Da3_G4NeTEWGXMi_z8C6Vg}{127.0.0.1}{127.0.0.1:9300}{cdhilmrstw}{ml.machine_memory=17179869184, xpack.installed=true, transform.node=true, ml.max_open_jobs=20}]}, term: 1, version: 1, reason: Publication{term=1, version=1}
[2021-01-29T17:53:09,887][INFO ][o.e.h.AbstractHttpServerTransport] [] publish_address {127.0.0.1:9200}, bound_addresses {[::1]:9200}, {127.0.0.1:9200}
[2021-01-29T17:53:09,894][INFO ][o.e.n.Node               ] [] started
[2021-01-29T17:53:09,918][INFO ][o.e.x.c.t.IndexTemplateRegistry] [] adding legacy template [.ml-anomalies-] for [ml], because it doesn't exist
[2021-01-29T17:53:09,919][INFO ][o.e.x.c.t.IndexTemplateRegistry] [] adding legacy template [.ml-state] for [ml], because it doesn't exist
[2021-01-29T17:53:09,919][INFO ][o.e.x.c.t.IndexTemplateRegistry] [] adding legacy template [.ml-config] for [ml], because it doesn't exist
[2021-01-29T17:53:09,920][INFO ][o.e.x.c.t.IndexTemplateRegistry] [] adding legacy template [.ml-inference-000003] for [ml], because it doesn't exist
[2021-01-29T17:53:09,920][INFO ][o.e.x.c.t.IndexTemplateRegistry] [] adding legacy template [.ml-meta] for [ml], because it doesn't exist
[2021-01-29T17:53:09,921][INFO ][o.e.x.c.t.IndexTemplateRegistry] [] adding legacy template [.ml-notifications-000001] for [ml], because it doesn't exist
[2021-01-29T17:53:09,921][INFO ][o.e.x.c.t.IndexTemplateRegistry] [] adding legacy template [.ml-stats] for [ml], because it doesn't exist
[2021-01-29T17:53:10,235][INFO ][o.e.g.GatewayService     ] [] recovered [0] indices into cluster_state
[2021-01-29T17:53:10,484][INFO ][o.e.c.m.MetadataIndexTemplateService] [] adding template [.ml-state] for index patterns [.ml-state*]
[2021-01-29T17:53:10,599][INFO ][o.e.c.m.MetadataIndexTemplateService] [] adding template [.ml-inference-000003] for index patterns [.ml-inference-000003]
[2021-01-29T17:53:10,652][INFO ][o.e.c.m.MetadataIndexTemplateService] [] adding template [.ml-notifications-000001] for index patterns [.ml-notifications-000001]
[2021-01-29T17:53:10,704][INFO ][o.e.c.m.MetadataIndexTemplateService] [] adding template [.ml-stats] for index patterns [.ml-stats-*]
[2021-01-29T17:53:10,779][INFO ][o.e.c.m.MetadataIndexTemplateService] [] adding template [.ml-config] for index patterns [.ml-config]
[2021-01-29T17:53:10,849][INFO ][o.e.c.m.MetadataIndexTemplateService] [] adding template [.ml-anomalies-] for index patterns [.ml-anomalies-*]
[2021-01-29T17:53:10,944][INFO ][o.e.c.m.MetadataIndexTemplateService] [] adding template [.ml-meta] for index patterns [.ml-meta]
[2021-01-29T17:53:10,987][INFO ][o.e.c.m.MetadataIndexTemplateService] [] adding component template [synthetics-settings]
[2021-01-29T17:53:11,029][INFO ][o.e.c.m.MetadataIndexTemplateService] [] adding component template [logs-settings]
[2021-01-29T17:53:11,072][INFO ][o.e.c.m.MetadataIndexTemplateService] [] adding component template [metrics-settings]
[2021-01-29T17:53:11,117][INFO ][o.e.c.m.MetadataIndexTemplateService] [] adding component template [metrics-mappings]
[2021-01-29T17:53:11,159][INFO ][o.e.c.m.MetadataIndexTemplateService] [] adding component template [synthetics-mappings]
[2021-01-29T17:53:11,202][INFO ][o.e.c.m.MetadataIndexTemplateService] [] adding component template [logs-mappings]
[2021-01-29T17:53:11,275][INFO ][o.e.c.m.MetadataIndexTemplateService] [] adding index template [.triggered_watches] for index patterns [.triggered_watches*]
[2021-01-29T17:53:11,322][INFO ][o.e.c.m.MetadataIndexTemplateService] [] adding index template [.watch-history-12] for index patterns [.watcher-history-12*]
[2021-01-29T17:53:11,372][INFO ][o.e.c.m.MetadataIndexTemplateService] [] adding index template [.watches] for index patterns [.watches*]
[2021-01-29T17:53:11,418][INFO ][o.e.c.m.MetadataIndexTemplateService] [] adding index template [ilm-history] for index patterns [ilm-history-3*]
[2021-01-29T17:53:11,461][INFO ][o.e.c.m.MetadataIndexTemplateService] [] adding index template [.slm-history] for index patterns [.slm-history-3*]
[2021-01-29T17:53:11,502][INFO ][o.e.c.m.MetadataIndexTemplateService] [] adding template [.monitoring-alerts-7] for index patterns [.monitoring-alerts-7]
[2021-01-29T17:53:11,556][INFO ][o.e.c.m.MetadataIndexTemplateService] [] adding template [.monitoring-es] for index patterns [.monitoring-es-7-*]
[2021-01-29T17:53:11,606][INFO ][o.e.c.m.MetadataIndexTemplateService] [] adding template [.monitoring-kibana] for index patterns [.monitoring-kibana-7-*]
[2021-01-29T17:53:11,655][INFO ][o.e.c.m.MetadataIndexTemplateService] [] adding template [.monitoring-logstash] for index patterns [.monitoring-logstash-7-*]
[2021-01-29T17:53:11,705][INFO ][o.e.c.m.MetadataIndexTemplateService] [] adding template [.monitoring-beats] for index patterns [.monitoring-beats-7-*]
[2021-01-29T17:53:11,759][INFO ][o.e.c.m.MetadataIndexTemplateService] [] adding index template [metrics] for index patterns [metrics-*-*]
[2021-01-29T17:53:11,804][INFO ][o.e.c.m.MetadataIndexTemplateService] [] adding index template [synthetics] for index patterns [synthetics-*-*]
[2021-01-29T17:53:11,852][INFO ][o.e.c.m.MetadataIndexTemplateService] [] adding index template [logs] for index patterns [logs-*-*]
[2021-01-29T17:53:11,898][INFO ][o.e.x.i.a.TransportPutLifecycleAction] [] adding index lifecycle policy [ml-size-based-ilm-policy]
[2021-01-29T17:53:11,962][INFO ][o.e.x.i.a.TransportPutLifecycleAction] [] adding index lifecycle policy [logs]
[2021-01-29T17:53:12,004][INFO ][o.e.x.i.a.TransportPutLifecycleAction] [] adding index lifecycle policy [metrics]
[2021-01-29T17:53:12,047][INFO ][o.e.x.i.a.TransportPutLifecycleAction] [] adding index lifecycle policy [synthetics]
[2021-01-29T17:53:12,088][INFO ][o.e.x.i.a.TransportPutLifecycleAction] [] adding index lifecycle policy [watch-history-ilm-policy]
[2021-01-29T17:53:12,132][INFO ][o.e.x.i.a.TransportPutLifecycleAction] [] adding index lifecycle policy [ilm-history-ilm-policy]
[2021-01-29T17:53:12,173][INFO ][o.e.x.i.a.TransportPutLifecycleAction] [] adding index lifecycle policy [slm-history-ilm-policy]
[2021-01-29T17:53:12,299][INFO ][o.e.l.LicenseService     ] [] license [974acd01-7aa3-423b-b2d9-812d1a2f2fba] mode [basic] - valid
[2021-01-29T17:53:12,302][INFO ][o.e.x.s.s.SecurityStatusChangeListener] [] Active license is now [BASIC]; Security is disabled
